Arguments: 
  /Users/sidneipacheco/.nvm/versions/node/v14.5.0/bin/node /usr/local/Cellar/yarn/1.22.4/libexec/bin/yarn.js add typescipt

PATH: 
  /Users/sidneipacheco/.rvm/gems/ruby-2.1.2/bin:/Users/sidneipacheco/.rvm/gems/ruby-2.1.2@global/bin:/Users/sidneipacheco/.rvm/rubies/ruby-2.1.2/bin:/usr/local/opt/imagemagick@6/bin:/usr/local/opt/postgresql@9.6/bin:/Users/sidneipacheco/.nvm/versions/node/v14.5.0/bin:/usr/local/opt/ncurses/bin:/Users/sidneipacheco/bin:/usr/local/bin:/usr/local/bin:/usr/bin:/bin:/usr/sbin:/sbin:/Library/Apple/usr/bin:/Users/sidneipacheco/.rvm/bin

Yarn version: 
  1.22.4

Node version: 
  14.5.0

Platform: 
  darwin x64

Trace: 
  Error: https://registry.yarnpkg.com/typescipt: Not found
      at Request.params.callback [as _callback] (/usr/local/Cellar/yarn/1.22.4/libexec/lib/cli.js:66987:18)
      at Request.self.callback (/usr/local/Cellar/yarn/1.22.4/libexec/lib/cli.js:140748:22)
      at Request.emit (events.js:314:20)
      at Request.<anonymous> (/usr/local/Cellar/yarn/1.22.4/libexec/lib/cli.js:141720:10)
      at Request.emit (events.js:314:20)
      at IncomingMessage.<anonymous> (/usr/local/Cellar/yarn/1.22.4/libexec/lib/cli.js:141642:12)
      at Object.onceWrapper (events.js:420:28)
      at IncomingMessage.emit (events.js:326:22)
      at endReadableNT (_stream_readable.js:1226:12)
      at processTicksAndRejections (internal/process/task_queues.js:80:21)

npm manifest: 
  {
    "name": "vuttr",
    "version": "1.0.0",
    "main": "index.js",
    "author": "Sidnei Pacheco <sidneip.junior@gmail.com>",
    "license": "MIT"
  }

yarn manifest: 
  No manifest

Lockfile: 
  # THIS IS AN AUTOGENERATED FILE. DO NOT EDIT THIS FILE DIRECTLY.
  # yarn lockfile v1
